<?xml version="1.0" encoding="UTF-8"?>
<!-- Generated by org.testng.reporters.JUnitReportReporter -->
<testsuite hostname="HYDHTC389187L" failures="0" tests="1" name="bankingTest.BankingTestCases" time="8.149" errors="0" timestamp="2024-02-05T13:05:53 IST" skipped="0">
  <testcase classname="bankingTest.BankingTestCases" name="test" time="8.149"/>
</testsuite> <!-- bankingTest.BankingTestCases -->
